/usr/bin/x86_64-linux-gnu-lto-dump-12
/usr/lib/modules/6.1.0-43-amd64/kernel/drivers/gpu/drm/amd/amdgpu/amdgpu.ko
/usr/lib/modules/6.1.0-40-amd64/kernel/drivers/gpu/drm/amd/amdgpu/amdgpu.ko
/usr/lib/udev/hwdb.bin
/usr/lib/gcc/x86_64-linux-gnu/12/lto1
/usr/lib/gcc/x86_64-linux-gnu/12/cc1
/usr/lib/x86_64-linux-gnu/libx265.so.199
/usr/lib/x86_64-linux-gnu/libicudata.so.72.1
/sys/devices/pci0000:00/0000:00:02.0/resource0_wc
/sys/devices/pci0000:00/0000:00:02.0/resource0
/proc/kcore
/boot/initrd.img-6.1.0-43-amd64
/boot/initrd.img-6.1.0-40-amd64
/var/log/installer/cdebconf/templates.dat
/var/log/journal/8247b53b6ae84ae0ad9bb1c96113fd29/system@00064c3efe5395a2-54e112b1ff504868.journal~
/var/log/journal/8247b53b6ae84ae0ad9bb1c96113fd29/system.journal
/var/log/journal/8247b53b6ae84ae0ad9bb1c96113fd29/system@4f44ef78d53d4cd0a5555898b8d0015b-0000000000014d6e-000640b551e2aef9.journal
/var/cache/apt/srcpkgcache.bin
/var/cache/apt/pkgcache.bin
/var/lib/apt/lists/deb.debian.org_debian_dists_bookworm_main_binary-amd64_Packages
/var/lib/apt/lists/deb.debian.org_debian_dists_bookworm_main_source_Sources
/var/lib/apt/lists/deb.debian.org_debian_dists_bookworm_main_i18n_Translation-en
